   ▲ Next.js 15.5.12
   - Local:        http://localhost:4000
   - Network:      http://192.168.1.123:4000
   - Environments: .env.local, .env

 ✓ Starting...
 ✓ Ready in 2237.1s
 ○ Compiling / ...
<w> [webpack.cache.PackFileCacheStrategy] Caching failed for pack: Error: ENOENT: no such file or directory, rename 'D:\NUTRIFITCOACH_MASTER\nfc-comunidades\.next\cache\webpack\client-development\0.pack.gz_' -> 'D:\NUTRIFITCOACH_MASTER\nfc-comunidades\.next\cache\webpack\client-development\0.pack.gz'
<w> [webpack.cache.PackFileCacheStrategy] Caching failed for pack: Error: ENOENT: no such file or directory, rename 'D:\NUTRIFITCOACH_MASTER\nfc-comunidades\.next\cache\webpack\server-development\0.pack.gz_' -> 'D:\NUTRIFITCOACH_MASTER\nfc-comunidades\.next\cache\webpack\server-development\0.pack.gz'
 ✓ Compiled / in 10.9s (828 modules)
 GET / 200 in 11398ms
<w> [webpack.cache.PackFileCacheStrategy] Caching failed for pack: Error: incorrect header check
 ⚠ Found a change in next.config.js. Restarting the server to apply the changes...
   ▲ Next.js 15.5.12
   - Local:        http://localhost:4000
   - Network:      http://192.168.1.123:4000
   - Environments: .env.local, .env

 ✓ Starting...
 ✓ Ready in 1370ms
 ⚠ Found a change in next.config.js. Restarting the server to apply the changes...
   ▲ Next.js 15.5.12
   - Local:        http://localhost:4000
   - Network:      http://192.168.1.123:4000
   - Environments: .env.local, .env

 ✓ Starting...
 ✓ Ready in 1359ms
 ⚠ Found a change in next.config.js. Restarting the server to apply the changes...
   ▲ Next.js 15.5.12
   - Local:        http://localhost:4000
   - Network:      http://192.168.1.123:4000
   - Environments: .env.local, .env

 ✓ Starting...

   We detected TypeScript in your project and reconfigured your tsconfig.json file for you. Strict-mode is set to false by default.
   The following suggested values were added to your tsconfig.json. These values can be changed to fit your project's needs:

   	- include was updated to add '.next_test/types/**/*.ts'

 ✓ Ready in 1345ms
 ⚠ Found a change in next.config.js. Restarting the server to apply the changes...
   ▲ Next.js 15.5.12
   - Local:        http://localhost:4000
   - Network:      http://192.168.1.123:4000
   - Environments: .env.local, .env

 ✓ Starting...

   We detected TypeScript in your project and reconfigured your tsconfig.json file for you. Strict-mode is set to false by default.
   The following suggested values were added to your tsconfig.json. These values can be changed to fit your project's needs:

   	- include was updated to add '.next_fresh/types/**/*.ts'

 ✓ Ready in 1393ms
<w> [webpack.cache.PackFileCacheStrategy] Caching failed for pack: Error: ENOENT: no such file or directory, rename 'D:\NUTRIFITCOACH_MASTER\nfc-comunidades\.next_fresh\cache\webpack\client-development\0.pack.gz_' -> 'D:\NUTRIFITCOACH_MASTER\nfc-comunidades\.next_fresh\cache\webpack\client-development\0.pack.gz'
 ⚠ Found a change in next.config.js. Restarting the server to apply the changes...
   ▲ Next.js 15.5.12
   - Local:        http://localhost:4000
   - Network:      http://192.168.1.123:4000
   - Environments: .env.local, .env

 ✓ Starting...
 ✓ Ready in 1421ms
