   ▲ Next.js 15.5.12
   - Local:        http://localhost:4000
   - Network:      http://192.168.1.123:4000
   - Environments: .env.local, .env

 ✓ Starting...
node:events:502
      throw er; // Unhandled 'error' event
      ^

Error: EPERM: operation not permitted, open 'D:\NUTRIFITCOACH_MASTER\nfc-comunidades\.next\trace'
Emitted 'error' event on WriteStream instance at:
    at emitErrorNT (node:internal/streams/destroy:169:8)
    at emitErrorCloseNT (node:internal/streams/destroy:128:3)
    at process.processTicksAndRejections (node:internal/process/task_queues:82:21) {
  errno: -4048,
  code: 'EPERM',
  syscall: 'open',
  path: 'D:\\NUTRIFITCOACH_MASTER\\nfc-comunidades\\.next\\trace'
}

Node.js v20.19.6
node:events:502
      throw er; // Unhandled 'error' event
      ^

Error: EPERM: operation not permitted, open 'D:\NUTRIFITCOACH_MASTER\nfc-comunidades\.next\trace'
Emitted 'error' event on WriteStream instance at:
    at emitErrorNT (node:internal/streams/destroy:169:8)
    at emitErrorCloseNT (node:internal/streams/destroy:128:3)
    at process.processTicksAndRejections (node:internal/process/task_queues:82:21) {
  errno: -4048,
  code: 'EPERM',
  syscall: 'open',
  path: 'D:\\NUTRIFITCOACH_MASTER\\nfc-comunidades\\.next\\trace'
}

Node.js v20.19.6
